<?xml version="1.0" encoding="UTF-8"?>
<testng-results skipped="0" failed="0" ignored="0" total="2" passed="2">
  <reporter-output>
  </reporter-output>
  <suite name="Phase1 Suite" duration-ms="17648" started-at="2022-06-11T16:11:48 PKT" finished-at="2022-06-11T16:12:06 PKT">
    <groups>
    </groups>
    <test name="Login And Logout" duration-ms="17648" started-at="2022-06-11T16:11:48 PKT" finished-at="2022-06-11T16:12:06 PKT">
      <class name="TestCases.login">
        <test-method status="PASS" signature="beforeMethod()[pri:0, instance:TestCases.login@2353b3e6]" name="beforeMethod" is-config="true" duration-ms="4161" started-at="2022-06-11T16:11:48 PKT" finished-at="2022-06-11T16:11:52 PKT">
          <reporter-output>
          </reporter-output>
        </test-method> <!-- beforeMethod -->
        <test-method status="PASS" signature="loginWithValidCreds()[pri:0, instance:TestCases.login@2353b3e6]" name="loginWithValidCreds" duration-ms="6838" started-at="2022-06-11T16:11:52 PKT" description="Login With valid Creds" finished-at="2022-06-11T16:11:59 PKT">
          <reporter-output>
          </reporter-output>
        </test-method> <!-- loginWithValidCreds -->
        <test-method status="PASS" signature="beforeMethod()[pri:0, instance:TestCases.login@2353b3e6]" name="beforeMethod" is-config="true" duration-ms="181" started-at="2022-06-11T16:11:59 PKT" finished-at="2022-06-11T16:11:59 PKT">
          <reporter-output>
          </reporter-output>
        </test-method> <!-- beforeMethod -->
        <test-method status="PASS" signature="loginWithInvalidCreds()[pri:0, instance:TestCases.login@2353b3e6]" name="loginWithInvalidCreds" duration-ms="6429" started-at="2022-06-11T16:11:59 PKT" description="Login With Invalid Creds" finished-at="2022-06-11T16:12:06 PKT">
          <reporter-output>
          </reporter-output>
        </test-method> <!-- loginWithInvalidCreds -->
        <test-method status="PASS" signature="afterMethod()[pri:0, instance:TestCases.login@2353b3e6]" name="afterMethod" is-config="true" duration-ms="116" started-at="2022-06-11T16:12:06 PKT" finished-at="2022-06-11T16:12:06 PKT">
          <reporter-output>
          </reporter-output>
        </test-method> <!-- afterMethod -->
      </class> <!-- TestCases.login -->
    </test> <!-- Login And Logout -->
  </suite> <!-- Phase1 Suite -->
</testng-results>
